This is pdfTeX, Version 3.14159265-2.6-1.40.21 (MiKTeX 20.6) (preloaded format=pdflatex 2020.6.28)  6 JUL 2020 18:29
entering extended mode
**"C:/Users/Asus/Desktop/KUET Application/merge.tex"
("C:/Users/Asus/Desktop/KUET Application/merge.tex"
LaTeX2e <2020-02-02> patch level 5
L3 programming layer <2020-06-18>
("D:\Installation files\tex\tex/latex/base\article.cls"
Document Class: article 2019/12/20 v1.4l Standard LaTeX document class
("D:\Installation files\tex\tex/latex/base\size10.clo"
File: size10.clo 2019/12/20 v1.4l Standard LaTeX file (size option)
)
\c@part=\count167
\c@section=\count168
\c@subsection=\count169
\c@subsubsection=\count170
\c@paragraph=\count171
\c@subparagraph=\count172
\c@figure=\count173
\c@table=\count174
\abovecaptionskip=\skip47
\belowcaptionskip=\skip48
\bibindent=\dimen134
)
("D:\Installation files\tex\tex/latex/pdfpages\pdfpages.sty"
Package: pdfpages 2020/01/28 v0.5q Insert pages of external PDF documents (AM)

("D:\Installation files\tex\tex/latex/base\ifthen.sty"
Package: ifthen 2014/09/29 v1.1c Standard LaTeX ifthen package (DPC)
)
("D:\Installation files\tex\tex/latex/tools\calc.sty"
Package: calc 2017/05/25 v4.3 Infix arithmetic (KKT,FJ)
\calc@Acount=\count175
\calc@Bcount=\count176
\calc@Adimen=\dimen135
\calc@Bdimen=\dimen136
\calc@Askip=\skip49
\calc@Bskip=\skip50
LaTeX Info: Redefining \setlength on input line 80.
LaTeX Info: Redefining \addtolength on input line 81.
\calc@Ccount=\count177
\calc@Cskip=\skip51
)
("D:\Installation files\tex\tex/latex/eso-pic\eso-pic.sty"
Package: eso-pic 2018/04/12 v2.0h eso-pic (RN)

("D:\Installation files\tex\tex/generic/atbegshi\atbegshi.sty"
Package: atbegshi 2019/12/05 v1.19 At begin shipout hook (HO)

("D:\Installation files\tex\tex/generic/infwarerr\infwarerr.sty"
Package: infwarerr 2019/12/03 v1.5 Providing info/warning/error messages (HO)
)
("D:\Installation files\tex\tex/generic/ltxcmds\ltxcmds.sty"
Package: ltxcmds 2019/12/15 v1.24 LaTeX kernel commands for general use (HO)
)
("D:\Installation files\tex\tex/generic/iftex\iftex.sty"
Package: iftex 2020/03/06 v1.0d TeX engine tests
))
("D:\Installation files\tex\tex/latex/graphics\keyval.sty"
Package: keyval 2014/10/28 v1.15 key=value parser (DPC)
\KV@toks@=\toks15
)
("D:\Installation files\tex\tex/latex/xcolor\xcolor.sty"
Package: xcolor 2016/05/11 v2.12 LaTeX color extensions (UK)

("D:\Installation files\tex\tex/latex/graphics-cfg\color.cfg"
File: color.cfg 2016/01/02 v1.6 sample color configuration
)
Package xcolor Info: Driver file: pdftex.def on input line 225.

("D:\Installation files\tex\tex/latex/graphics-def\pdftex.def"
File: pdftex.def 2018/01/08 v1.0l Graphics/color driver for pdftex
)
Package xcolor Info: Model `cmy' substituted by `cmy0' on input line 1348.
Package xcolor Info: Model `hsb' substituted by `rgb' on input line 1352.
Package xcolor Info: Model `RGB' extended on input line 1364.
Package xcolor Info: Model `HTML' substituted by `rgb' on input line 1366.
Package xcolor Info: Model `Hsb' substituted by `hsb' on input line 1367.
Package xcolor Info: Model `tHsb' substituted by `hsb' on input line 1368.
Package xcolor Info: Model `HSB' substituted by `hsb' on input line 1369.
Package xcolor Info: Model `Gray' substituted by `gray' on input line 1370.
Package xcolor Info: Model `wave' substituted by `hsb' on input line 1371.
))
("D:\Installation files\tex\tex/latex/graphics\graphicx.sty"
Package: graphicx 2019/11/30 v1.2a Enhanced LaTeX Graphics (DPC,SPQR)

("D:\Installation files\tex\tex/latex/graphics\graphics.sty"
Package: graphics 2019/11/30 v1.4a Standard LaTeX Graphics (DPC,SPQR)

("D:\Installation files\tex\tex/latex/graphics\trig.sty"
Package: trig 2016/01/03 v1.10 sin cos tan (DPC)
)
("D:\Installation files\tex\tex/latex/graphics-cfg\graphics.cfg"
File: graphics.cfg 2016/06/04 v1.11 sample graphics configuration
)
Package graphics Info: Driver file: pdftex.def on input line 105.
)
\Gin@req@height=\dimen137
\Gin@req@width=\dimen138
)
\AM@pagewidth=\dimen139
\AM@pageheight=\dimen140

("D:\Installation files\tex\tex/latex/pdfpages\pppdftex.def"
File: pppdftex.def 2020/01/28 v0.5q Pdfpages driver for pdfTeX (AM)
)
\AM@pagebox=\box45
\AM@global@opts=\toks16
\AM@pagecnt=\count178
\AM@toc@title=\toks17
\c@AM@survey=\count179
\AM@templatesizebox=\box46
)
("D:\Installation files\tex\tex/latex/pgf/utilities\pgffor.sty"
("D:\Installation files\tex\tex/latex/pgf/utilities\pgfrcs.sty"
("D:\Installation files\tex\tex/generic/pgf/utilities\pgfutil-common.tex"
\pgfutil@everybye=\toks18
\pgfutil@tempdima=\dimen141
\pgfutil@tempdimb=\dimen142

("D:\Installation files\tex\tex/generic/pgf/utilities\pgfutil-common-lists.tex"
)) ("D:\Installation files\tex\tex/generic/pgf/utilities\pgfutil-latex.def"
\pgfutil@abb=\box47

("D:\Installation files\tex\tex/latex/ms\everyshi.sty"
Package: everyshi 2001/05/15 v3.00 EveryShipout Package (MS)
))
("D:\Installation files\tex\tex/generic/pgf/utilities\pgfrcs.code.tex"
("D:\Installation files\tex\tex/generic/pgf\pgf.revision.tex")
Package: pgfrcs 2020/01/08 v3.1.5b (3.1.5b)
))
("D:\Installation files\tex\tex/latex/pgf/utilities\pgfkeys.sty"
("D:\Installation files\tex\tex/generic/pgf/utilities\pgfkeys.code.tex"
\pgfkeys@pathtoks=\toks19
\pgfkeys@temptoks=\toks20

("D:\Installation files\tex\tex/generic/pgf/utilities\pgfkeysfiltered.code.tex"
\pgfkeys@tmptoks=\toks21
))) ("D:\Installation files\tex\tex/latex/pgf/math\pgfmath.sty"
("D:\Installation files\tex\tex/generic/pgf/math\pgfmath.code.tex"
("D:\Installation files\tex\tex/generic/pgf/math\pgfmathcalc.code.tex"
("D:\Installation files\tex\tex/generic/pgf/math\pgfmathutil.code.tex"
\pgf@x=\dimen143
\pgf@xa=\dimen144
\pgf@xb=\dimen145
\pgf@xc=\dimen146
\pgf@y=\dimen147
\pgf@ya=\dimen148
\pgf@yb=\dimen149
\pgf@yc=\dimen150
\c@pgf@counta=\count180
\c@pgf@countb=\count181
\c@pgf@countc=\count182
\c@pgf@countd=\count183
)
("D:\Installation files\tex\tex/generic/pgf/math\pgfmathparser.code.tex"
\pgfmath@dimen=\dimen151
\pgfmath@count=\count184
\pgfmath@box=\box48
\pgfmath@toks=\toks22
\pgfmath@stack@operand=\toks23
\pgfmath@stack@operation=\toks24
)
("D:\Installation files\tex\tex/generic/pgf/math\pgfmathfunctions.code.tex"
("D:\Installation files\tex\tex/generic/pgf/math\pgfmathfunctions.basic.code.te
x")
("D:\Installation files\tex\tex/generic/pgf/math\pgfmathfunctions.trigonometric
.code.tex")
("D:\Installation files\tex\tex/generic/pgf/math\pgfmathfunctions.random.code.t
ex")
("D:\Installation files\tex\tex/generic/pgf/math\pgfmathfunctions.comparison.co
de.tex")
("D:\Installation files\tex\tex/generic/pgf/math\pgfmathfunctions.base.code.tex
")
("D:\Installation files\tex\tex/generic/pgf/math\pgfmathfunctions.round.code.te
x")
("D:\Installation files\tex\tex/generic/pgf/math\pgfmathfunctions.misc.code.tex
")
("D:\Installation files\tex\tex/generic/pgf/math\pgfmathfunctions.integerarithm
etics.code.tex")))
("D:\Installation files\tex\tex/generic/pgf/math\pgfmathfloat.code.tex"
\c@pgfmathroundto@lastzeros=\count185
)))
("D:\Installation files\tex\tex/generic/pgf/utilities\pgffor.code.tex"
Package: pgffor 2020/01/08 v3.1.5b (3.1.5b)

("D:\Installation files\tex\tex/generic/pgf/math\pgfmath.code.tex")
\pgffor@iter=\dimen152
\pgffor@skip=\dimen153
\pgffor@stack=\toks25
\pgffor@toks=\toks26
))
("D:\Installation files\tex\tex/latex/l3backend\l3backend-pdfmode.def"
File: l3backend-pdfmode.def 2020-05-05 L3 backend support: PDF mode
\l__kernel_color_stack_int=\count186
\l__pdf_internal_box=\box49
)
No file merge.aux.
\openout1 = `merge.aux'.

LaTeX Font Info:    Checking defaults for OML/cmm/m/it on input line 9.
LaTeX Font Info:    ... okay on input line 9.
LaTeX Font Info:    Checking defaults for OMS/cmsy/m/n on input line 9.
LaTeX Font Info:    ... okay on input line 9.
LaTeX Font Info:    Checking defaults for OT1/cmr/m/n on input line 9.
LaTeX Font Info:    ... okay on input line 9.
LaTeX Font Info:    Checking defaults for T1/cmr/m/n on input line 9.
LaTeX Font Info:    ... okay on input line 9.
LaTeX Font Info:    Checking defaults for TS1/cmr/m/n on input line 9.
LaTeX Font Info:    ... okay on input line 9.
LaTeX Font Info:    Checking defaults for OMX/cmex/m/n on input line 9.
LaTeX Font Info:    ... okay on input line 9.
LaTeX Font Info:    Checking defaults for U/cmr/m/n on input line 9.
LaTeX Font Info:    ... okay on input line 9.
\AtBeginShipoutBox=\box50
("D:\Installation files\tex\tex/context/base/mkii\supp-pdf.mkii"
[Loading MPS to PDF converter (version 2006.09.02).]
\scratchcounter=\count187
\scratchdimen=\dimen154
\scratchbox=\box51
\nofMPsegments=\count188
\nofMParguments=\count189
\everyMPshowfont=\toks27
\MPscratchCnt=\count190
\MPscratchDim=\dimen155
\MPnumerator=\count191
\makeMPintoPDFobject=\count192
\everyMPtoPDFconversion=\toks28
) ("D:\Installation files\tex\tex/latex/epstopdf-pkg\epstopdf-base.sty"
Package: epstopdf-base 2020-01-24 v2.11 Base part for package epstopdf
Package epstopdf-base Info: Redefining graphics rule for `.eps' on input line 4
85.
)
("D:\Installation files\tex\tex/latex/pdflscape\pdflscape.sty"
Package: pdflscape 2019/12/05 v0.12 Display of landscape pages in PDF (HO)

("D:\Installation files\tex\tex/latex/graphics\lscape.sty"
Package: lscape 2000/10/22 v3.01 Landscape Pages (DPC)
)
Package pdflscape Info: Auto-detected driver: pdftex on input line 81.
)
ABD: EveryShipout initializing macros
<1.pdf, id=1, 597.50829pt x 845.0471pt>
File: 1.pdf Graphic file (type pdf)
<use 1.pdf>
Package pdftex.def Info: 1.pdf  used on input line 13.
(pdftex.def)             Requested size: 597.50682pt x 845.04504pt.
File: 1.pdf Graphic file (type pdf)
<use 1.pdf>
Package pdftex.def Info: 1.pdf  used on input line 13.
(pdftex.def)             Requested size: 597.50682pt x 845.04504pt.
<1.pdf, id=4, page=1, 597.50829pt x 845.0471pt>
File: 1.pdf Graphic file (type pdf)
<use 1.pdf, page 1>
Package pdftex.def Info: 1.pdf , page1 used on input line 13.
(pdftex.def)             Requested size: 597.50682pt x 845.04504pt.
File: 1.pdf Graphic file (type pdf)
<use 1.pdf, page 1>
Package pdftex.def Info: 1.pdf , page1 used on input line 13.
(pdftex.def)             Requested size: 562.12285pt x 795.00201pt.
File: 1.pdf Graphic file (type pdf)
<use 1.pdf, page 1>
Package pdftex.def Info: 1.pdf , page1 used on input line 13.
(pdftex.def)             Requested size: 562.12285pt x 795.00201pt.
File: 1.pdf Graphic file (type pdf)
<use 1.pdf, page 1>
Package pdftex.def Info: 1.pdf , page1 used on input line 13.
(pdftex.def)             Requested size: 562.12285pt x 795.00201pt.
File: 1.pdf Graphic file (type pdf)
<use 1.pdf, page 1>
Package pdftex.def Info: 1.pdf , page1 used on input line 13.
(pdftex.def)             Requested size: 562.12285pt x 795.00201pt.
 [1

 <C:/Users/Asus/Desktop/KUET Application/1.pdf{C:/Users/Asus/AppData/Local/MiKT
eX/2.9/pdftex/config/pdftex.map}>]
<2.pdf, id=60, 597.50829pt x 845.0471pt>
File: 2.pdf Graphic file (type pdf)
<use 2.pdf>
Package pdftex.def Info: 2.pdf  used on input line 13.
(pdftex.def)             Requested size: 597.50682pt x 845.04504pt.
File: 2.pdf Graphic file (type pdf)
<use 2.pdf>
Package pdftex.def Info: 2.pdf  used on input line 13.
(pdftex.def)             Requested size: 597.50682pt x 845.04504pt.
<2.pdf, id=63, page=1, 597.50829pt x 845.0471pt>
File: 2.pdf Graphic file (type pdf)
<use 2.pdf, page 1>
Package pdftex.def Info: 2.pdf , page1 used on input line 13.
(pdftex.def)             Requested size: 597.50682pt x 845.04504pt.
File: 2.pdf Graphic file (type pdf)
<use 2.pdf, page 1>
Package pdftex.def Info: 2.pdf , page1 used on input line 13.
(pdftex.def)             Requested size: 562.12285pt x 795.00201pt.
File: 2.pdf Graphic file (type pdf)
<use 2.pdf, page 1>
Package pdftex.def Info: 2.pdf , page1 used on input line 13.
(pdftex.def)             Requested size: 562.12285pt x 795.00201pt.
File: 2.pdf Graphic file (type pdf)
<use 2.pdf, page 1>
Package pdftex.def Info: 2.pdf , page1 used on input line 13.
(pdftex.def)             Requested size: 562.12285pt x 795.00201pt.
File: 2.pdf Graphic file (type pdf)
<use 2.pdf, page 1>
Package pdftex.def Info: 2.pdf , page1 used on input line 13.
(pdftex.def)             Requested size: 562.12285pt x 795.00201pt.

[2 <C:/Users/Asus/Desktop/KUET Application/2.pdf>]

! Package pdfpages Error: Cannot find file `3'.

See the pdfpages package documentation for explanation.
Type  H <return>  for immediate help.
 ...                                              
                                                  
l.13 }
      
? 